
------------------------------------------------------------
Sender: LSF System <lsfadmin@hpc.dtu.dk>
Subject: Job 28307596: <cupy_fixed> in cluster <dcc> Done

Job <cupy_fixed> was submitted from host <n-62-20-9> by user <s260170> in cluster <dcc> at Mon Apr 27 19:54:48 2026
Job was executed on host(s) <4*n-62-18-13>, in queue <c02613>, as user <s260170> in cluster <dcc> at Mon Apr 27 19:54:50 2026
</zhome/89/0/229203> was used as the home directory.
</zhome/89/0/229203/miniproject> was used as the working directory.
Started at Mon Apr 27 19:54:50 2026
Terminated at Mon Apr 27 19:56:31 2026
Results reported at Mon Apr 27 19:56:31 2026

Your job looked like:

------------------------------------------------------------
# LSBATCH: User input
#!/bin/bash
#BSUB -J cupy_fixed
#BSUB -q c02613
#BSUB -gpu "num=1:mode=exclusive_process"
#BSUB -W 00:30
#BSUB -n 4
#BSUB -R "span[hosts=1]"
#BSUB -R "rusage[mem=4GB]"
#BSUB -o cupy_fixed_%J.out
#BSUB -e cupy_fixed_%J.err

source /dtu/projects/02613_2025/conda/conda_init.sh
conda activate 02613_2026

echo "=== ORIGINAL CuPy (sync every iteration), N=20 ===" >&2
python simulate_cupy.py 20 > /dev/null

echo "=== FIXED CuPy (sync every 1000 iterations), N=20 ===" >&2
python simulate_cupy_fixed.py 20 > /dev/null

------------------------------------------------------------

Successfully completed.

Resource usage summary:

    CPU time :                                   98.80 sec.
    Max Memory :                                 112 MB
    Average Memory :                             108.00 MB
    Total Requested Memory :                     16384.00 MB
    Delta Memory :                               16272.00 MB
    Max Swap :                                   -
    Max Processes :                              4
    Max Threads :                                10
    Run time :                                   101 sec.
    Turnaround time :                            103 sec.

The output (if any) is above this job summary.



PS:

Read file <cupy_fixed_28307596.err> for stderr output of this job.

