No GPU on this node, CUDA module not loaded

------------------------------------------------------------
Sender: LSF System <lsfadmin@hpc.dtu.dk>
Subject: Job 28265676: <dynamic_sweep> in cluster <dcc> Done

Job <dynamic_sweep> was submitted from host <n-62-30-2> by user <s260170> in cluster <dcc> at Thu Apr 23 16:32:53 2026
Job was executed on host(s) <32*n-62-13-6>, in queue <hpc>, as user <s260170> in cluster <dcc> at Thu Apr 23 16:32:55 2026
</zhome/89/0/229203> was used as the home directory.
</zhome/89/0/229203/miniproject> was used as the working directory.
Started at Thu Apr 23 16:32:55 2026
Terminated at Thu Apr 23 17:00:10 2026
Results reported at Thu Apr 23 17:00:10 2026

Your job looked like:

------------------------------------------------------------
# LSBATCH: User input
#!/bin/bash
#BSUB -J dynamic_sweep
#BSUB -q hpc
#BSUB -W 02:00
#BSUB -n 32
#BSUB -R "span[hosts=1]"
#BSUB -R "rusage[mem=4GB]"
#BSUB -o dynamic_sweep_%J.out
#BSUB -e dynamic_sweep_%J.err

source /dtu/projects/02613_2025/conda/conda_init.sh
conda activate 02613_2026

for P in 1 2 4 8 16 32; do
    echo "=== Workers: $P ===" >&2
    python simulate_dynamic.py 100 $P > /dev/null
done

------------------------------------------------------------

Successfully completed.

Resource usage summary:

    CPU time :                                   5204.74 sec.
    Max Memory :                                 444 MB
    Average Memory :                             123.55 MB
    Total Requested Memory :                     131072.00 MB
    Delta Memory :                               130628.00 MB
    Max Swap :                                   -
    Max Processes :                              36
    Max Threads :                                40
    Run time :                                   1635 sec.
    Turnaround time :                            1637 sec.

The output (if any) is above this job summary.



PS:

Read file <dynamic_sweep_28265676.err> for stderr output of this job.

