No GPU on this node, CUDA module not loaded

------------------------------------------------------------
Sender: LSF System <lsfadmin@hpc.dtu.dk>
Subject: Job 28266639: <jit_test> in cluster <dcc> Done

Job <jit_test> was submitted from host <n-62-30-2> by user <s260170> in cluster <dcc> at Thu Apr 23 17:09:42 2026
Job was executed on host(s) <n-62-31-22>, in queue <hpc>, as user <s260170> in cluster <dcc> at Thu Apr 23 17:09:43 2026
</zhome/89/0/229203> was used as the home directory.
</zhome/89/0/229203/miniproject> was used as the working directory.
Started at Thu Apr 23 17:09:43 2026
Terminated at Thu Apr 23 17:10:34 2026
Results reported at Thu Apr 23 17:10:34 2026

Your job looked like:

------------------------------------------------------------
# LSBATCH: User input
#!/bin/bash
#BSUB -J jit_test
#BSUB -q hpc
#BSUB -W 00:30
#BSUB -n 1
#BSUB -R "span[hosts=1]"
#BSUB -R "rusage[mem=2GB]"
#BSUB -o jit_%J.out
#BSUB -e jit_%J.err

source /dtu/projects/02613_2025/conda/conda_init.sh
conda activate 02613_2026

# Run on 20 floorplans for direct comparison with reference timing
python simulate_jit.py 20 > /dev/null

------------------------------------------------------------

Successfully completed.

Resource usage summary:

    CPU time :                                   49.43 sec.
    Max Memory :                                 86 MB
    Average Memory :                             86.00 MB
    Total Requested Memory :                     2048.00 MB
    Delta Memory :                               1962.00 MB
    Max Swap :                                   -
    Max Processes :                              4
    Max Threads :                                5
    Run time :                                   51 sec.
    Turnaround time :                            52 sec.

The output (if any) is above this job summary.



PS:

Read file <jit_28266639.err> for stderr output of this job.

