No GPU on this node, CUDA module not loaded
Timer unit: 1e-06 s

Total time: 46.6185 s
File: simulate_prof.py
Function: jacobi at line 22

Line #      Hits         Time  Per Hit   % Time  Line Contents
==============================================================
    22                                           @profile
    23                                           def jacobi(u, interior_mask, max_iter, atol=1e-6):
    24         5       2800.3    560.1      0.0      u = np.copy(u)
    25                                           
    26     28423      16496.9      0.6      0.0      for i in range(max_iter):
    27     28423   26029614.6    915.8     55.8          u_new = 0.25 * (u[1:-1, :-2] + u[1:-1, 2:] + u[:-2, 1:-1] + u[2:, 1:-1])
    28     28423    5050014.3    177.7     10.8          u_new_interior = u_new[interior_mask]
    29     28423    9646314.0    339.4     20.7          delta = np.abs(u[1:-1, 1:-1][interior_mask] - u_new_interior).max()
    30     28423    5836610.0    205.3     12.5          u[1:-1, 1:-1][interior_mask] = u_new_interior
    31                                           
    32     28423      36652.9      1.3      0.1          if delta < atol:
    33         5          3.8      0.8      0.0              break
    34         5         10.3      2.1      0.0      return u

 46.62 seconds - simulate_prof.py:22 - jacobi

------------------------------------------------------------
Sender: LSF System <lsfadmin@hpc.dtu.dk>
Subject: Job 28265231: <prof_jacobi> in cluster <dcc> Done

Job <prof_jacobi> was submitted from host <n-62-30-2> by user <s260170> in cluster <dcc> at Thu Apr 23 15:00:12 2026
Job was executed on host(s) <n-62-31-21>, in queue <hpc>, as user <s260170> in cluster <dcc> at Thu Apr 23 15:00:14 2026
</zhome/89/0/229203> was used as the home directory.
</zhome/89/0/229203/miniproject> was used as the working directory.
Started at Thu Apr 23 15:00:14 2026
Terminated at Thu Apr 23 15:01:03 2026
Results reported at Thu Apr 23 15:01:03 2026

Your job looked like:

------------------------------------------------------------
# LSBATCH: User input
#!/bin/bash
#BSUB -J prof_jacobi
#BSUB -q hpc
#BSUB -W 00:30
#BSUB -n 1
#BSUB -R "span[hosts=1]"
#BSUB -R "rusage[mem=2GB]"
#BSUB -o prof_%J.out
#BSUB -e prof_%J.err

source /dtu/projects/02613_2025/conda/conda_init.sh
conda activate 02613_2026

# Run with kernprof — produces simulate_prof.py.lprof
kernprof -l simulate_prof.py 5 > /dev/null

# Format and print the report
python -m line_profiler -rmt simulate_prof.py.lprof

------------------------------------------------------------

Successfully completed.

Resource usage summary:

    CPU time :                                   47.82 sec.
    Max Memory :                                 58 MB
    Average Memory :                             57.33 MB
    Total Requested Memory :                     2048.00 MB
    Delta Memory :                               1990.00 MB
    Max Swap :                                   -
    Max Processes :                              4
    Max Threads :                                5
    Run time :                                   49 sec.
    Turnaround time :                            51 sec.

The output (if any) is above this job summary.



PS:

Read file <prof_28265231.err> for stderr output of this job.

