No GPU on this node, CUDA module not loaded
# elapsed: 288.222 s, N: 20
# per floorplan: 14.411 s
# estimated total (4571 floorplans): 18.29 h

------------------------------------------------------------
Sender: LSF System <lsfadmin@hpc.dtu.dk>
Subject: Job 28325576: <timing_ref> in cluster <dcc> Done

Job <timing_ref> was submitted from host <n-62-30-5> by user <s260138> in cluster <dcc> at Wed Apr 29 13:13:53 2026
Job was executed on host(s) <n-62-11-67>, in queue <hpc>, as user <s260138> in cluster <dcc> at Wed Apr 29 13:13:54 2026
</zhome/84/1/229198> was used as the home directory.
</zhome/84/1/229198/Documents/02613_PyHPC/minipro> was used as the working directory.
Started at Wed Apr 29 13:13:54 2026
Terminated at Wed Apr 29 13:18:44 2026
Results reported at Wed Apr 29 13:18:44 2026

Your job looked like:

------------------------------------------------------------
# LSBATCH: User input
#!/bin/bash
#BSUB -J timing_ref
#BSUB -q hpc
#BSUB -o timing_ref_%J.out
#BSUB -e timing_ref_%J.err
#BSUB -R "rusage[mem=2048]"
#BSUB -R "select[model==XeonGold6226R]"
#BSUB -W 15
#BSUB -n 1
#BSUB -R "span[hosts=1]"

source /dtu/projects/02613_2025/conda/conda_init.sh
conda activate 02613_2026

N=20
START=$(date +%s%N)
python simulate.py $N > /dev/null
END=$(date +%s%N)

ELAPSED=$(echo "scale=3; ($END - $START) / 1000000000" | bc)
PER_FLOOR=$(echo "scale=3; $ELAPSED / $N" | bc)
TOTAL_H=$(echo "scale=2; $ELAPSED / $N * 4571 / 3600" | bc)

echo "# elapsed: ${ELAPSED} s, N: ${N}"
echo "# per floorplan: ${PER_FLOOR} s"
echo "# estimated total (4571 floorplans): ${TOTAL_H} h"
------------------------------------------------------------

Successfully completed.

Resource usage summary:

    CPU time :                                   288.86 sec.
    Max Memory :                                 123 MB
    Average Memory :                             113.25 MB
    Total Requested Memory :                     2048.00 MB
    Delta Memory :                               1925.00 MB
    Max Swap :                                   -
    Max Processes :                              4
    Max Threads :                                5
    Run time :                                   290 sec.
    Turnaround time :                            291 sec.

The output (if any) is above this job summary.



PS:

Read file <timing_ref_28325576.err> for stderr output of this job.

